{
  "RSpec": {
    "coverage": {
      "/Users/bkk/Desktop/Projects/plans-api/spec/models/member_spec.rb": [
        1,
        null,
        1,
        1,
        2,
        null,
        null,
        1,
        2,
        2,
        2,
        null,
        null
      ],
      "/Users/bkk/Desktop/Projects/plans-api/spec/rails_helper.rb": [
        null,
        1,
        1,
        1,
        1,
        null,
        1,
        1,
        null,
        null,
        null,
        null,
        null,
        null,
        null,
        null,
        null,
        null,
        null,
        null,
        null,
        null,
        null,
        3,
        null,
        null,
        null,
        1,
        1,
        null,
        0,
        0,
        null,
        1,
        null,
        1,
        null,
        null,
        null,
        null,
        1,
        null,
        null,
        null,
        null,
        null,
        null,
        null,
        null,
        null,
        null,
        null,
        null,
        null,
        null,
        1,
        1,
        1,
        null,
        null,
        1,
        null,
        null,
        1,
        1,
        1,
        null,
        null,
        null,
        1,
        16,
        16,
        null,
        null,
        null,
        null,
        1,
        1,
        1,
        1,
        null,
        null
      ],
      "/Users/bkk/Desktop/Projects/plans-api/config/environment.rb": [
        null,
        1,
        null,
        null,
        1
      ],
      "/Users/bkk/Desktop/Projects/plans-api/config/application.rb": [
        1,
        null,
        1,
        null,
        1,
        1,
        1,
        1,
        1,
        1,
        1,
        1,
        null,
        null,
        null,
        null,
        null,
        1,
        null,
        1,
        1,
        null,
        1,
        1,
        null,
        null,
        null,
        null,
        null,
        null,
        null,
        null,
        1,
        null,
        null
      ],
      "/Users/bkk/Desktop/Projects/plans-api/config/boot.rb": [
        1,
        null,
        1,
        1
      ],
      "/Users/bkk/Desktop/Projects/plans-api/config/environments/test.rb": [
        1,
        null,
        null,
        null,
        null,
        null,
        null,
        1,
        null,
        null,
        null,
        null,
        1,
        null,
        null,
        1,
        1,
        null,
        null,
        null,
        null,
        1,
        1,
        null,
        null,
        1,
        null,
        null,
        1,
        null,
        null,
        1,
        null,
        1,
        null,
        null,
        null,
        null,
        1,
        null,
        null,
        1,
        null,
        null,
        null,
        null
      ],
      "/Users/bkk/Desktop/Projects/plans-api/config/initializers/application_controller_renderer.rb": [
        null,
        null,
        null,
        null,
        null,
        null,
        null,
        null
      ],
      "/Users/bkk/Desktop/Projects/plans-api/config/initializers/backtrace_silencers.rb": [
        null,
        null,
        null,
        null,
        null,
        null,
        null
      ],
      "/Users/bkk/Desktop/Projects/plans-api/config/initializers/cors.rb": [
        null,
        null,
        null,
        null,
        null,
        null,
        null,
        null,
        null,
        null,
        null,
        null,
        null,
        null,
        null,
        null
      ],
      "/Users/bkk/Desktop/Projects/plans-api/config/initializers/filter_parameter_logging.rb": [
        null,
        null,
        null,
        1
      ],
      "/Users/bkk/Desktop/Projects/plans-api/config/initializers/inflections.rb": [
        null,
        null,
        null,
        null,
        null,
        null,
        null,
        null,
        null,
        null,
        null,
        null,
        null,
        null,
        null,
        null
      ],
      "/Users/bkk/Desktop/Projects/plans-api/config/initializers/mime_types.rb": [
        null,
        null,
        null,
        null
      ],
      "/Users/bkk/Desktop/Projects/plans-api/config/initializers/wrap_parameters.rb": [
        null,
        null,
        null,
        null,
        null,
        null,
        1,
        2,
        null,
        null,
        null,
        null,
        null,
        null
      ],
      "/Users/bkk/Desktop/Projects/plans-api/config/routes.rb": [
        1,
        null,
        1,
        null,
        1,
        null,
        1,
        null,
        1,
        null
      ],
      "/Users/bkk/Desktop/Projects/plans-api/spec/support/controller_spec_helper.rb": [
        1,
        1,
        9,
        null,
        null,
        1,
        9,
        null,
        null,
        null,
        null,
        1,
        0,
        null,
        null,
        null,
        null,
        null
      ],
      "/Users/bkk/Desktop/Projects/plans-api/spec/support/request_spec_helper.rb": [
        1,
        1,
        7,
        null,
        null
      ],
      "/Users/bkk/Desktop/Projects/plans-api/app/models/member.rb": [
        1,
        1,
        null,
        1,
        null
      ],
      "/Users/bkk/Desktop/Projects/plans-api/app/models/application_record.rb": [
        1,
        1,
        null
      ],
      "/Users/bkk/Desktop/Projects/plans-api/spec/models/plan_spec.rb": [
        1,
        null,
        1,
        null,
        1,
        2,
        2,
        null,
        null,
        1,
        2,
        null,
        null,
        1,
        1,
        2,
        null,
        1,
        1,
        null,
        null,
        null,
        1,
        2,
        null,
        1,
        1,
        null,
        null,
        null,
        null
      ],
      "/Users/bkk/Desktop/Projects/plans-api/app/models/plan.rb": [
        1,
        1,
        null,
        1,
        1,
        null,
        1,
        2,
        null,
        null,
        1,
        2,
        null,
        null,
        null
      ],
      "/Users/bkk/Desktop/Projects/plans-api/spec/requests/members_spec.rb": [
        1,
        null,
        1,
        1,
        2,
        null,
        null,
        null,
        null,
        null,
        null,
        1,
        null,
        1,
        1,
        null,
        null,
        null,
        null,
        1,
        1,
        1,
        1,
        null,
        null,
        null,
        1,
        1,
        2,
        null,
        1,
        1,
        1,
        null,
        1,
        null,
        null,
        null,
        null
      ],
      "/Users/bkk/Desktop/Projects/plans-api/spec/requests/plans_spec.rb": [
        1,
        null,
        1,
        1,
        4,
        null,
        null,
        null,
        null,
        1,
        null,
        1,
        3,
        null,
        1,
        1,
        1,
        null,
        null,
        null,
        1,
        2,
        2,
        null,
        1,
        1,
        1,
        null,
        null,
        null,
        null,
        1,
        1,
        1,
        1,
        null,
        null,
        null,
        1,
        3,
        null,
        1,
        2,
        1,
        1,
        null,
        null,
        null,
        1,
        1,
        1,
        null,
        null,
        null,
        null,
        null,
        null,
        null,
        2,
        null,
        1,
        1,
        1,
        null,
        null,
        null,
        null
      ],
      "/Users/bkk/Desktop/Projects/plans-api/lib/json_web_token.rb": [
        1,
        null,
        1,
        1,
        null,
        1,
        9,
        null,
        null,
        1,
        9,
        null,
        0,
        null,
        null
      ],
      "/Users/bkk/Desktop/Projects/plans-api/app/controllers/members_controller.rb": [
        1,
        1,
        null,
        1,
        2,
        null,
        2,
        2,
        null,
        0,
        null,
        null,
        null,
        1,
        1,
        1,
        1,
        null,
        1,
        null,
        null,
        1,
        1,
        2,
        null,
        null,
        1,
        0,
        null,
        null
      ],
      "/Users/bkk/Desktop/Projects/plans-api/app/controllers/application_controller.rb": [
        1,
        1,
        null,
        1,
        1,
        9,
        9,
        9,
        null,
        0,
        null,
        null,
        null
      ],
      "/Users/bkk/Desktop/Projects/plans-api/lib/jwt_authentication.rb": [
        1,
        1,
        0,
        null,
        null
      ],
      "/Users/bkk/Desktop/Projects/plans-api/app/controllers/plans_controller.rb": [
        1,
        1,
        null,
        1,
        3,
        3,
        null,
        null,
        1,
        1,
        null,
        1,
        null,
        null,
        1,
        0,
        0,
        null,
        null,
        1,
        2,
        null,
        null,
        1,
        1,
        1,
        null,
        null
      ]
    },
    "timestamp": 1558089642
  }
}
